# JRE version: OpenJDK Runtime Environment (21.0.3) (build 21.0.3+-12282718-b509.11)
# Java VM: OpenJDK 64-Bit Server VM (21.0.3+-12282718-b509.11, mixed mode, tiered, compressed oops, compressed class ptrs, g1 gc, linux-amd64)
GC Precious Log:
 CardTable entry size: 512
 Card Set container configuration: InlinePtr #cards 5 size 8 Array Of Cards #cards 12 size 40 Howl #buckets 4 coarsen threshold 1843 Howl Bitmap #cards 512 size 80 coarsen threshold 460 Card regions per heap region 1 cards per card region 2048
 CPUs: 4 total, 4 available
 Memory: 7836M
 Large Page Support: Disabled
 NUMA Support: Disabled
 Compressed Oops: Enabled (32-bit)
 Heap Region Size: 1M
 Heap Min Capacity: 8M
 Heap Initial Capacity: 124M
 Heap Max Capacity: 2G
 Pre-touch: Disabled
 Parallel Workers: 4
 Concurrent Workers: 1
 Concurrent Refinement Workers: 4
 Periodic GC: Disabled
Heap:
 garbage-first heap   total 329728K, used 121344K [0x0000000080000000, 0x0000000100000000)
  region size 1024K, 28 young (28672K), 23 survivors (23552K)
 Metaspace       used 122485K, committed 124608K, reserved 1179648K
  class space    used 16754K, committed 17792K, reserved 1048576K
GC Heap History (20 events):
Event: 16.157 GC heap before
{Heap before GC invocations=23 (full 0):
 garbage-first heap   total 140288K, used 67378K [0x0000000080000000, 0x0000000100000000)
  region size 1024K, 5 young (5120K), 1 survivors (1024K)
 Metaspace       used 73897K, committed 75520K, reserved 1114112K
  class space    used 10123K, committed 10944K, reserved 1048576K
}
Event: 16.160 GC heap after
{Heap after GC invocations=24 (full 0):
 garbage-first heap   total 140288K, used 66504K [0x0000000080000000, 0x0000000100000000)
  region size 1024K, 3 young (3072K), 3 survivors (3072K)
 Metaspace       used 73897K, committed 75520K, reserved 1114112K
  class space    used 10123K, committed 10944K, reserved 1048576K
}
Event: 17.144 GC heap before
{Heap before GC invocations=25 (full 0):
 garbage-first heap   total 140288K, used 114632K [0x0000000080000000, 0x0000000100000000)
  region size 1024K, 47 young (48128K), 3 survivors (3072K)
 Metaspace       used 77763K, committed 79488K, reserved 1179648K
  class space    used 10559K, committed 11392K, reserved 1048576K
}
Event: 17.150 GC heap after
{Heap after GC invocations=26 (full 0):
 garbage-first heap   total 140288K, used 73258K [0x0000000080000000, 0x0000000100000000)
  region size 1024K, 6 young (6144K), 6 survivors (6144K)
 Metaspace       used 77763K, committed 79488K, reserved 1179648K
  class space    used 10559K, committed 11392K, reserved 1048576K
}
Event: 17.863 GC heap before
{Heap before GC invocations=26 (full 0):
 garbage-first heap   total 140288K, used 115242K [0x0000000080000000, 0x0000000100000000)
  region size 1024K, 48 young (49152K), 6 survivors (6144K)
 Metaspace       used 82809K, committed 84608K, reserved 1179648K
  class space    used 11177K, committed 12096K, reserved 1048576K
}
Event: 17.873 GC heap after
{Heap after GC invocations=27 (full 0):
 garbage-first heap   total 140288K, used 73909K [0x0000000080000000, 0x0000000100000000)
  region size 1024K, 2 young (2048K), 2 survivors (2048K)
 Metaspace       used 82809K, committed 84608K, reserved 1179648K
  class space    used 11177K, committed 12096K, reserved 1048576K
}
Event: 18.058 GC heap before
{Heap before GC invocations=27 (full 0):
 garbage-first heap   total 140288K, used 86197K [0x0000000080000000, 0x0000000100000000)
  region size 1024K, 15 young (15360K), 2 survivors (2048K)
 Metaspace       used 83849K, committed 85632K, reserved 1179648K
  class space    used 11340K, committed 12224K, reserved 1048576K
}
Event: 18.067 GC heap after
{Heap after GC invocations=28 (full 0):
 garbage-first heap   total 140288K, used 75494K [0x0000000080000000, 0x0000000100000000)
  region size 1024K, 4 young (4096K), 4 survivors (4096K)
 Metaspace       used 83849K, committed 85632K, reserved 1179648K
  class space    used 11340K, committed 12224K, reserved 1048576K
}
Event: 18.894 GC heap before
{Heap before GC invocations=29 (full 0):
 garbage-first heap   total 163840K, used 126694K [0x0000000080000000, 0x0000000100000000)
  region size 1024K, 49 young (50176K), 4 survivors (4096K)
 Metaspace       used 86444K, committed 88256K, reserved 1179648K
  class space    used 11703K, committed 12608K, reserved 1048576K
}
Event: 18.915 GC heap after
{Heap after GC invocations=30 (full 0):
 garbage-first heap   total 163840K, used 80705K [0x0000000080000000, 0x0000000100000000)
  region size 1024K, 7 young (7168K), 7 survivors (7168K)
 Metaspace       used 86444K, committed 88256K, reserved 1179648K
  class space    used 11703K, committed 12608K, reserved 1048576K
}
Event: 20.032 GC heap before
{Heap before GC invocations=30 (full 0):
 garbage-first heap   total 163840K, used 137025K [0x0000000080000000, 0x0000000100000000)
  region size 1024K, 62 young (63488K), 7 survivors (7168K)
 Metaspace       used 92335K, committed 94208K, reserved 1179648K
  class space    used 12497K, committed 13440K, reserved 1048576K
}
Event: 20.047 GC heap after
{Heap after GC invocations=31 (full 0):
 garbage-first heap   total 163840K, used 83070K [0x0000000080000000, 0x0000000100000000)
  region size 1024K, 3 young (3072K), 3 survivors (3072K)
 Metaspace       used 92335K, committed 94208K, reserved 1179648K
  class space    used 12497K, committed 13440K, reserved 1048576K
}
Event: 21.013 GC heap before
{Heap before GC invocations=31 (full 0):
 garbage-first heap   total 163840K, used 140414K [0x0000000080000000, 0x0000000100000000)
  region size 1024K, 59 young (60416K), 3 survivors (3072K)
 Metaspace       used 95784K, committed 97728K, reserved 1179648K
  class space    used 12987K, committed 13952K, reserved 1048576K
}
Event: 21.028 GC heap after
{Heap after GC invocations=32 (full 0):
 garbage-first heap   total 329728K, used 88110K [0x0000000080000000, 0x0000000100000000)
  region size 1024K, 8 young (8192K), 8 survivors (8192K)
 Metaspace       used 95784K, committed 97728K, reserved 1179648K
  class space    used 12987K, committed 13952K, reserved 1048576K
}
Event: 23.324 GC heap before
{Heap before GC invocations=33 (full 0):
 garbage-first heap   total 329728K, used 233518K [0x0000000080000000, 0x0000000100000000)
  region size 1024K, 149 young (152576K), 8 survivors (8192K)
 Metaspace       used 105506K, committed 107584K, reserved 1179648K
  class space    used 14543K, committed 15552K, reserved 1048576K
}
Event: 23.350 GC heap after
{Heap after GC invocations=34 (full 0):
 garbage-first heap   total 329728K, used 92798K [0x0000000080000000, 0x0000000100000000)
  region size 1024K, 13 young (13312K), 13 survivors (13312K)
 Metaspace       used 105506K, committed 107584K, reserved 1179648K
  class space    used 14543K, committed 15552K, reserved 1048576K
}
Event: 26.218 GC heap before
{Heap before GC invocations=34 (full 0):
 garbage-first heap   total 329728K, used 268926K [0x0000000080000000, 0x0000000100000000)
  region size 1024K, 185 young (189440K), 13 survivors (13312K)
 Metaspace       used 117545K, committed 119744K, reserved 1179648K
  class space    used 16244K, committed 17344K, reserved 1048576K
}
Event: 26.258 GC heap after
{Heap after GC invocations=35 (full 0):
 garbage-first heap   total 329728K, used 100732K [0x0000000080000000, 0x0000000100000000)
  region size 1024K, 22 young (22528K), 22 survivors (22528K)
 Metaspace       used 117545K, committed 119744K, reserved 1179648K
  class space    used 16244K, committed 17344K, reserved 1048576K
}
Event: 27.463 GC heap before
{Heap before GC invocations=35 (full 0):
 garbage-first heap   total 329728K, used 186748K [0x0000000080000000, 0x0000000100000000)
  region size 1024K, 108 young (110592K), 22 survivors (22528K)
 Metaspace       used 121607K, committed 123776K, reserved 1179648K
  class space    used 16722K, committed 17792K, reserved 1048576K
}
Event: 27.530 GC heap after
{Heap after GC invocations=36 (full 0):
 garbage-first heap   total 329728K, used 112128K [0x0000000080000000, 0x0000000100000000)
  region size 1024K, 23 young (23552K), 23 survivors (23552K)
 Metaspace       used 121607K, committed 123776K, reserved 1179648K
  class space    used 16722K, committed 17792K, reserved 1048576K
}

