# JRE version: OpenJDK Runtime Environment (21.0.3) (build 21.0.3+-12282718-b509.11)
# Java VM: OpenJDK 64-Bit Server VM (21.0.3+-12282718-b509.11, mixed mode, tiered, compressed oops, compressed class ptrs, g1 gc, linux-amd64)
GC Precious Log:
 CardTable entry size: 512
 Card Set container configuration: InlinePtr #cards 5 size 8 Array Of Cards #cards 12 size 40 Howl #buckets 4 coarsen threshold 1843 Howl Bitmap #cards 512 size 80 coarsen threshold 460 Card regions per heap region 1 cards per card region 2048
 CPUs: 4 total, 4 available
 Memory: 7836M
 Large Page Support: Disabled
 NUMA Support: Disabled
 Compressed Oops: Enabled (32-bit)
 Heap Region Size: 1M
 Heap Min Capacity: 8M
 Heap Initial Capacity: 124M
 Heap Max Capacity: 1960M
 Pre-touch: Disabled
 Parallel Workers: 4
 Concurrent Workers: 1
 Concurrent Refinement Workers: 4
 Periodic GC: Disabled
Heap:
 garbage-first heap   total 63488K, used 29447K [0x0000000085800000, 0x0000000100000000)
  region size 1024K, 7 young (7168K), 3 survivors (3072K)
 Metaspace       used 36352K, committed 36608K, reserved 1114112K
  class space    used 4403K, committed 4544K, reserved 1048576K
GC Heap History (14 events):
Event: 3.367 GC heap before
{Heap before GC invocations=0 (full 0):
 garbage-first heap   total 126976K, used 17408K [0x0000000085800000, 0x0000000100000000)
  region size 1024K, 13 young (13312K), 0 survivors (0K)
 Metaspace       used 11396K, committed 11584K, reserved 1114112K
  class space    used 962K, committed 1024K, reserved 1048576K
}
Event: 3.376 GC heap after
{Heap after GC invocations=1 (full 0):
 garbage-first heap   total 126976K, used 6352K [0x0000000085800000, 0x0000000100000000)
  region size 1024K, 2 young (2048K), 2 survivors (2048K)
 Metaspace       used 11396K, committed 11584K, reserved 1114112K
  class space    used 962K, committed 1024K, reserved 1048576K
}
Event: 4.463 GC heap before
{Heap before GC invocations=1 (full 0):
 garbage-first heap   total 126976K, used 26832K [0x0000000085800000, 0x0000000100000000)
  region size 1024K, 22 young (22528K), 2 survivors (2048K)
 Metaspace       used 17096K, committed 17280K, reserved 1114112K
  class space    used 1694K, committed 1792K, reserved 1048576K
}
Event: 4.476 GC heap after
{Heap after GC invocations=2 (full 0):
 garbage-first heap   total 126976K, used 8016K [0x0000000085800000, 0x0000000100000000)
  region size 1024K, 2 young (2048K), 2 survivors (2048K)
 Metaspace       used 17096K, committed 17280K, reserved 1114112K
  class space    used 1694K, committed 1792K, reserved 1048576K
}
Event: 4.927 GC heap before
{Heap before GC invocations=2 (full 0):
 garbage-first heap   total 126976K, used 19280K [0x0000000085800000, 0x0000000100000000)
  region size 1024K, 14 young (14336K), 2 survivors (2048K)
 Metaspace       used 21312K, committed 21504K, reserved 1114112K
  class space    used 2198K, committed 2304K, reserved 1048576K
}
Event: 4.931 GC heap after
{Heap after GC invocations=3 (full 0):
 garbage-first heap   total 126976K, used 8489K [0x0000000085800000, 0x0000000100000000)
  region size 1024K, 2 young (2048K), 2 survivors (2048K)
 Metaspace       used 21312K, committed 21504K, reserved 1114112K
  class space    used 2198K, committed 2304K, reserved 1048576K
}
Event: 5.526 GC heap before
{Heap before GC invocations=4 (full 0):
 garbage-first heap   total 34816K, used 33065K [0x0000000085800000, 0x0000000100000000)
  region size 1024K, 27 young (27648K), 2 survivors (2048K)
 Metaspace       used 25233K, committed 25536K, reserved 1114112K
  class space    used 2698K, committed 2816K, reserved 1048576K
}
Event: 5.553 GC heap after
{Heap after GC invocations=5 (full 0):
 garbage-first heap   total 43008K, used 14718K [0x0000000085800000, 0x0000000100000000)
  region size 1024K, 8 young (8192K), 8 survivors (8192K)
 Metaspace       used 25233K, committed 25536K, reserved 1114112K
  class space    used 2698K, committed 2816K, reserved 1048576K
}
Event: 5.940 GC heap before
{Heap before GC invocations=5 (full 0):
 garbage-first heap   total 43008K, used 31102K [0x0000000085800000, 0x0000000100000000)
  region size 1024K, 24 young (24576K), 8 survivors (8192K)
 Metaspace       used 26847K, committed 27136K, reserved 1114112K
  class space    used 2909K, committed 3072K, reserved 1048576K
}
Event: 5.974 GC heap after
{Heap after GC invocations=6 (full 0):
 garbage-first heap   total 46080K, used 20291K [0x0000000085800000, 0x0000000100000000)
  region size 1024K, 3 young (3072K), 3 survivors (3072K)
 Metaspace       used 26847K, committed 27136K, reserved 1114112K
  class space    used 2909K, committed 3072K, reserved 1048576K
}
Event: 6.250 GC heap before
{Heap before GC invocations=6 (full 0):
 garbage-first heap   total 46080K, used 33603K [0x0000000085800000, 0x0000000100000000)
  region size 1024K, 17 young (17408K), 3 survivors (3072K)
 Metaspace       used 28825K, committed 29184K, reserved 1114112K
  class space    used 3090K, committed 3264K, reserved 1048576K
}
Event: 6.259 GC heap after
{Heap after GC invocations=7 (full 0):
 garbage-first heap   total 63488K, used 23433K [0x0000000085800000, 0x0000000100000000)
  region size 1024K, 3 young (3072K), 3 survivors (3072K)
 Metaspace       used 28825K, committed 29184K, reserved 1114112K
  class space    used 3090K, committed 3264K, reserved 1048576K
}
Event: 7.173 GC heap before
{Heap before GC invocations=7 (full 0):
 garbage-first heap   total 63488K, used 50057K [0x0000000085800000, 0x0000000100000000)
  region size 1024K, 30 young (30720K), 3 survivors (3072K)
 Metaspace       used 35712K, committed 35968K, reserved 1114112K
  class space    used 4341K, committed 4480K, reserved 1048576K
}
Event: 7.183 GC heap after
{Heap after GC invocations=8 (full 0):
 garbage-first heap   total 63488K, used 26375K [0x0000000085800000, 0x0000000100000000)
  region size 1024K, 3 young (3072K), 3 survivors (3072K)
 Metaspace       used 35712K, committed 35968K, reserved 1114112K
  class space    used 4341K, committed 4480K, reserved 1048576K
}

