# JRE version: OpenJDK Runtime Environment (21.0.3) (build 21.0.3+-12282718-b509.11)
# Java VM: OpenJDK 64-Bit Server VM (21.0.3+-12282718-b509.11, mixed mode, tiered, compressed oops, compressed class ptrs, g1 gc, linux-amd64)
GC Precious Log:
 CardTable entry size: 512
 Card Set container configuration: InlinePtr #cards 5 size 8 Array Of Cards #cards 12 size 40 Howl #buckets 4 coarsen threshold 1843 Howl Bitmap #cards 512 size 80 coarsen threshold 460 Card regions per heap region 1 cards per card region 2048
 CPUs: 4 total, 4 available
 Memory: 7836M
 Large Page Support: Disabled
 NUMA Support: Disabled
 Compressed Oops: Enabled (32-bit)
 Heap Region Size: 1M
 Heap Min Capacity: 8M
 Heap Initial Capacity: 124M
 Heap Max Capacity: 2G
 Pre-touch: Disabled
 Parallel Workers: 4
 Concurrent Workers: 1
 Concurrent Refinement Workers: 4
 Periodic GC: Disabled
Heap:
 garbage-first heap   total 195584K, used 173934K [0x0000000080000000, 0x0000000100000000)
  region size 1024K, 70 young (71680K), 9 survivors (9216K)
 Metaspace       used 124430K, committed 126656K, reserved 1179648K
  class space    used 17061K, committed 18176K, reserved 1048576K
GC Heap History (20 events):
Event: 33.897 GC heap after
{Heap after GC invocations=24 (full 0):
 garbage-first heap   total 153600K, used 75776K [0x0000000080000000, 0x0000000100000000)
  region size 1024K, 2 young (2048K), 2 survivors (2048K)
 Metaspace       used 83278K, committed 84992K, reserved 1179648K
  class space    used 11251K, committed 12096K, reserved 1048576K
}
Event: 34.192 GC heap before
{Heap before GC invocations=24 (full 0):
 garbage-first heap   total 153600K, used 94208K [0x0000000080000000, 0x0000000100000000)
  region size 1024K, 21 young (21504K), 2 survivors (2048K)
 Metaspace       used 85104K, committed 86912K, reserved 1179648K
  class space    used 11549K, committed 12416K, reserved 1048576K
}
Event: 34.199 GC heap after
{Heap after GC invocations=25 (full 0):
 garbage-first heap   total 153600K, used 77627K [0x0000000080000000, 0x0000000100000000)
  region size 1024K, 4 young (4096K), 4 survivors (4096K)
 Metaspace       used 85104K, committed 86912K, reserved 1179648K
  class space    used 11549K, committed 12416K, reserved 1048576K
}
Event: 35.112 GC heap before
{Heap before GC invocations=26 (full 0):
 garbage-first heap   total 160768K, used 142139K [0x0000000080000000, 0x0000000100000000)
  region size 1024K, 62 young (63488K), 4 survivors (4096K)
 Metaspace       used 88745K, committed 90560K, reserved 1179648K
  class space    used 12030K, committed 12928K, reserved 1048576K
}
Event: 35.128 GC heap after
{Heap after GC invocations=27 (full 0):
 garbage-first heap   total 160768K, used 83014K [0x0000000080000000, 0x0000000100000000)
  region size 1024K, 8 young (8192K), 8 survivors (8192K)
 Metaspace       used 88745K, committed 90560K, reserved 1179648K
  class space    used 12030K, committed 12928K, reserved 1048576K
}
Event: 36.560 GC heap before
{Heap before GC invocations=27 (full 0):
 garbage-first heap   total 160768K, used 142406K [0x0000000080000000, 0x0000000100000000)
  region size 1024K, 66 young (67584K), 8 survivors (8192K)
 Metaspace       used 94775K, committed 96640K, reserved 1179648K
  class space    used 12831K, committed 13760K, reserved 1048576K
}
Event: 36.582 GC heap after
{Heap after GC invocations=28 (full 0):
 garbage-first heap   total 160768K, used 85131K [0x0000000080000000, 0x0000000100000000)
  region size 1024K, 3 young (3072K), 3 survivors (3072K)
 Metaspace       used 94775K, committed 96640K, reserved 1179648K
  class space    used 12831K, committed 13760K, reserved 1048576K
}
Event: 37.495 GC heap before
{Heap before GC invocations=28 (full 0):
 garbage-first heap   total 160768K, used 144523K [0x0000000080000000, 0x0000000100000000)
  region size 1024K, 61 young (62464K), 3 survivors (3072K)
 Metaspace       used 96803K, committed 98688K, reserved 1179648K
  class space    used 13137K, committed 14080K, reserved 1048576K
}
Event: 37.511 GC heap after
{Heap after GC invocations=29 (full 0):
 garbage-first heap   total 193536K, used 89746K [0x0000000080000000, 0x0000000100000000)
  region size 1024K, 8 young (8192K), 8 survivors (8192K)
 Metaspace       used 96803K, committed 98688K, reserved 1179648K
  class space    used 13137K, committed 14080K, reserved 1048576K
}
Event: 39.422 GC heap before
{Heap before GC invocations=30 (full 0):
 garbage-first heap   total 193536K, used 166546K [0x0000000080000000, 0x0000000100000000)
  region size 1024K, 83 young (84992K), 8 survivors (8192K)
 Metaspace       used 102981K, committed 104832K, reserved 1179648K
  class space    used 14127K, committed 15040K, reserved 1048576K
}
Event: 39.447 GC heap after
{Heap after GC invocations=31 (full 0):
 garbage-first heap   total 193536K, used 92474K [0x0000000080000000, 0x0000000100000000)
  region size 1024K, 8 young (8192K), 8 survivors (8192K)
 Metaspace       used 102981K, committed 104832K, reserved 1179648K
  class space    used 14127K, committed 15040K, reserved 1048576K
}
Event: 41.037 GC heap before
{Heap before GC invocations=31 (full 0):
 garbage-first heap   total 193536K, used 171322K [0x0000000080000000, 0x0000000100000000)
  region size 1024K, 85 young (87040K), 8 survivors (8192K)
 Metaspace       used 108361K, committed 110400K, reserved 1179648K
  class space    used 14941K, committed 15936K, reserved 1048576K
}
Event: 41.064 GC heap after
{Heap after GC invocations=32 (full 0):
 garbage-first heap   total 193536K, used 94745K [0x0000000080000000, 0x0000000100000000)
  region size 1024K, 7 young (7168K), 7 survivors (7168K)
 Metaspace       used 108361K, committed 110400K, reserved 1179648K
  class space    used 14941K, committed 15936K, reserved 1048576K
}
Event: 42.294 GC heap before
{Heap before GC invocations=32 (full 0):
 garbage-first heap   total 193536K, used 174617K [0x0000000080000000, 0x0000000100000000)
  region size 1024K, 85 young (87040K), 7 survivors (7168K)
 Metaspace       used 112098K, committed 114304K, reserved 1179648K
  class space    used 15500K, committed 16576K, reserved 1048576K
}
Event: 42.330 GC heap after
{Heap after GC invocations=33 (full 0):
 garbage-first heap   total 193536K, used 101613K [0x0000000080000000, 0x0000000100000000)
  region size 1024K, 11 young (11264K), 11 survivors (11264K)
 Metaspace       used 112098K, committed 114304K, reserved 1179648K
  class space    used 15500K, committed 16576K, reserved 1048576K
}
Event: 43.961 GC heap before
{Heap before GC invocations=34 (full 0):
 garbage-first heap   total 193536K, used 171245K [0x0000000080000000, 0x0000000100000000)
  region size 1024K, 79 young (80896K), 11 survivors (11264K)
 Metaspace       used 118325K, committed 120512K, reserved 1179648K
  class space    used 16379K, committed 17472K, reserved 1048576K
}
Event: 44.000 GC heap after
{Heap after GC invocations=35 (full 0):
 garbage-first heap   total 193536K, used 105961K [0x0000000080000000, 0x0000000100000000)
  region size 1024K, 5 young (5120K), 5 survivors (5120K)
 Metaspace       used 118325K, committed 120512K, reserved 1179648K
  class space    used 16379K, committed 17472K, reserved 1048576K
}
Event: 45.282 GC heap before
{Heap before GC invocations=35 (full 0):
 garbage-first heap   total 193536K, used 180713K [0x0000000080000000, 0x0000000100000000)
  region size 1024K, 74 young (75776K), 5 survivors (5120K)
 Metaspace       used 123051K, committed 125184K, reserved 1179648K
  class space    used 16907K, committed 17984K, reserved 1048576K
}
Event: 45.319 GC heap after
{Heap after GC invocations=36 (full 0):
 garbage-first heap   total 195584K, used 111470K [0x0000000080000000, 0x0000000100000000)
  region size 1024K, 10 young (10240K), 10 survivors (10240K)
 Metaspace       used 123051K, committed 125184K, reserved 1179648K
  class space    used 16907K, committed 17984K, reserved 1048576K
}
Event: 46.175 GC heap before
{Heap before GC invocations=36 (full 0):
 garbage-first heap   total 195584K, used 173934K [0x0000000080000000, 0x0000000100000000)
  region size 1024K, 71 young (72704K), 10 survivors (10240K)
 Metaspace       used 124430K, committed 126656K, reserved 1179648K
  class space    used 17061K, committed 18176K, reserved 1048576K
}

