# JRE version: OpenJDK Runtime Environment (21.0.3) (build 21.0.3+-12282718-b509.11)
# Java VM: OpenJDK 64-Bit Server VM (21.0.3+-12282718-b509.11, mixed mode, tiered, compressed oops, compressed class ptrs, g1 gc, linux-amd64)
GC Precious Log:
 CardTable entry size: 512
 Card Set container configuration: InlinePtr #cards 5 size 8 Array Of Cards #cards 12 size 40 Howl #buckets 4 coarsen threshold 1843 Howl Bitmap #cards 512 size 80 coarsen threshold 460 Card regions per heap region 1 cards per card region 2048
 CPUs: 4 total, 4 available
 Memory: 7836M
 Large Page Support: Disabled
 NUMA Support: Disabled
 Compressed Oops: Enabled (32-bit)
 Heap Region Size: 1M
 Heap Min Capacity: 8M
 Heap Initial Capacity: 124M
 Heap Max Capacity: 2G
 Pre-touch: Disabled
 Parallel Workers: 4
 Concurrent Workers: 1
 Concurrent Refinement Workers: 4
 Periodic GC: Disabled
Heap:
 garbage-first heap   total 103424K, used 58953K [0x0000000080000000, 0x0000000100000000)
  region size 1024K, 17 young (17408K), 5 survivors (5120K)
 Metaspace       used 65844K, committed 67456K, reserved 1114112K
  class space    used 9121K, committed 9920K, reserved 1048576K
GC Heap History (20 events):
Event: 4.896 GC heap before
{Heap before GC invocations=5 (full 0):
 garbage-first heap   total 71680K, used 53067K [0x0000000080000000, 0x0000000100000000)
  region size 1024K, 33 young (33792K), 2 survivors (2048K)
 Metaspace       used 30046K, committed 30656K, reserved 1114112K
  class space    used 3943K, committed 4224K, reserved 1048576K
}
Event: 4.907 GC heap after
{Heap after GC invocations=6 (full 0):
 garbage-first heap   total 71680K, used 24122K [0x0000000080000000, 0x0000000100000000)
  region size 1024K, 4 young (4096K), 4 survivors (4096K)
 Metaspace       used 30046K, committed 30656K, reserved 1114112K
  class space    used 3943K, committed 4224K, reserved 1048576K
}
Event: 5.652 GC heap before
{Heap before GC invocations=6 (full 0):
 garbage-first heap   total 71680K, used 56890K [0x0000000080000000, 0x0000000100000000)
  region size 1024K, 36 young (36864K), 4 survivors (4096K)
 Metaspace       used 34649K, committed 35456K, reserved 1114112K
  class space    used 4710K, committed 5120K, reserved 1048576K
}
Event: 5.667 GC heap after
{Heap after GC invocations=7 (full 0):
 garbage-first heap   total 71680K, used 26473K [0x0000000080000000, 0x0000000100000000)
  region size 1024K, 5 young (5120K), 5 survivors (5120K)
 Metaspace       used 34649K, committed 35456K, reserved 1114112K
  class space    used 4710K, committed 5120K, reserved 1048576K
}
Event: 5.788 GC heap before
{Heap before GC invocations=7 (full 0):
 garbage-first heap   total 71680K, used 31593K [0x0000000080000000, 0x0000000100000000)
  region size 1024K, 11 young (11264K), 5 survivors (5120K)
 Metaspace       used 35331K, committed 36160K, reserved 1114112K
  class space    used 4839K, committed 5248K, reserved 1048576K
}
Event: 5.796 GC heap after
{Heap after GC invocations=8 (full 0):
 garbage-first heap   total 86016K, used 26920K [0x0000000080000000, 0x0000000100000000)
  region size 1024K, 3 young (3072K), 3 survivors (3072K)
 Metaspace       used 35331K, committed 36160K, reserved 1114112K
  class space    used 4839K, committed 5248K, reserved 1048576K
}
Event: 7.107 GC heap before
{Heap before GC invocations=9 (full 0):
 garbage-first heap   total 86016K, used 70952K [0x0000000080000000, 0x0000000100000000)
  region size 1024K, 46 young (47104K), 3 survivors (3072K)
 Metaspace       used 43429K, committed 44544K, reserved 1114112K
  class space    used 5914K, committed 6464K, reserved 1048576K
}
Event: 7.124 GC heap after
{Heap after GC invocations=10 (full 0):
 garbage-first heap   total 86016K, used 30449K [0x0000000080000000, 0x0000000100000000)
  region size 1024K, 6 young (6144K), 6 survivors (6144K)
 Metaspace       used 43429K, committed 44544K, reserved 1114112K
  class space    used 5914K, committed 6464K, reserved 1048576K
}
Event: 8.040 GC heap before
{Heap before GC invocations=10 (full 0):
 garbage-first heap   total 86016K, used 71409K [0x0000000080000000, 0x0000000100000000)
  region size 1024K, 47 young (48128K), 6 survivors (6144K)
 Metaspace       used 46369K, committed 47552K, reserved 1114112K
  class space    used 6289K, committed 6848K, reserved 1048576K
}
Event: 8.069 GC heap after
{Heap after GC invocations=11 (full 0):
 garbage-first heap   total 86016K, used 33485K [0x0000000080000000, 0x0000000100000000)
  region size 1024K, 4 young (4096K), 4 survivors (4096K)
 Metaspace       used 46369K, committed 47552K, reserved 1114112K
  class space    used 6289K, committed 6848K, reserved 1048576K
}
Event: 9.182 GC heap before
{Heap before GC invocations=11 (full 0):
 garbage-first heap   total 86016K, used 73421K [0x0000000080000000, 0x0000000100000000)
  region size 1024K, 43 young (44032K), 4 survivors (4096K)
 Metaspace       used 51441K, committed 52864K, reserved 1114112K
  class space    used 7149K, committed 7872K, reserved 1048576K
}
Event: 9.194 GC heap after
{Heap after GC invocations=12 (full 0):
 garbage-first heap   total 86016K, used 35855K [0x0000000080000000, 0x0000000100000000)
  region size 1024K, 6 young (6144K), 6 survivors (6144K)
 Metaspace       used 51441K, committed 52864K, reserved 1114112K
  class space    used 7149K, committed 7872K, reserved 1048576K
}
Event: 10.138 GC heap before
{Heap before GC invocations=12 (full 0):
 garbage-first heap   total 86016K, used 75791K [0x0000000080000000, 0x0000000100000000)
  region size 1024K, 43 young (44032K), 6 survivors (6144K)
 Metaspace       used 57080K, committed 58560K, reserved 1114112K
  class space    used 7847K, committed 8576K, reserved 1048576K
}
Event: 10.151 GC heap after
{Heap after GC invocations=13 (full 0):
 garbage-first heap   total 86016K, used 37262K [0x0000000080000000, 0x0000000100000000)
  region size 1024K, 5 young (5120K), 5 survivors (5120K)
 Metaspace       used 57080K, committed 58560K, reserved 1114112K
  class space    used 7847K, committed 8576K, reserved 1048576K
}
Event: 10.636 GC heap before
{Heap before GC invocations=13 (full 0):
 garbage-first heap   total 86016K, used 53646K [0x0000000080000000, 0x0000000100000000)
  region size 1024K, 22 young (22528K), 5 survivors (5120K)
 Metaspace       used 59631K, committed 61056K, reserved 1114112K
  class space    used 8228K, committed 8960K, reserved 1048576K
}
Event: 10.649 GC heap after
{Heap after GC invocations=14 (full 0):
 garbage-first heap   total 103424K, used 38161K [0x0000000080000000, 0x0000000100000000)
  region size 1024K, 3 young (3072K), 3 survivors (3072K)
 Metaspace       used 59631K, committed 61056K, reserved 1114112K
  class space    used 8228K, committed 8960K, reserved 1048576K
}
Event: 12.554 GC heap before
{Heap before GC invocations=15 (full 0):
 garbage-first heap   total 103424K, used 91409K [0x0000000080000000, 0x0000000100000000)
  region size 1024K, 56 young (57344K), 3 survivors (3072K)
 Metaspace       used 64788K, committed 66368K, reserved 1114112K
  class space    used 9021K, committed 9792K, reserved 1048576K
}
Event: 12.570 GC heap after
{Heap after GC invocations=16 (full 0):
 garbage-first heap   total 103424K, used 43593K [0x0000000080000000, 0x0000000100000000)
  region size 1024K, 7 young (7168K), 7 survivors (7168K)
 Metaspace       used 64788K, committed 66368K, reserved 1114112K
  class space    used 9021K, committed 9792K, reserved 1048576K
}
Event: 13.453 GC heap before
{Heap before GC invocations=16 (full 0):
 garbage-first heap   total 103424K, used 88649K [0x0000000080000000, 0x0000000100000000)
  region size 1024K, 52 young (53248K), 7 survivors (7168K)
 Metaspace       used 65761K, committed 67392K, reserved 1114112K
  class space    used 9121K, committed 9920K, reserved 1048576K
}
Event: 13.480 GC heap after
{Heap after GC invocations=17 (full 0):
 garbage-first heap   total 103424K, used 47689K [0x0000000080000000, 0x0000000100000000)
  region size 1024K, 5 young (5120K), 5 survivors (5120K)
 Metaspace       used 65761K, committed 67392K, reserved 1114112K
  class space    used 9121K, committed 9920K, reserved 1048576K
}

